<?xml version="1.0" encoding="UTF-8"?>
<!-- Generated by org.testng.reporters.JUnitXMLReporter -->
<testsuite ignored="0" hostname="DESKTOP-9UM4G0E" failures="0" tests="1" name="BookAFlight" time="21.296" errors="0" timestamp="2020-10-29T15:19:02 IST">
  <testcase classname="com.automation.framework.core.FrameworkScript" name="@BeforeMethod onInitilise" time="21.182">
    <failure type="java.lang.IncompatibleClassChangeError" message="Found interface org.apache.poi.util.POILogger, but class was expected">
      <![CDATA[java.lang.IncompatibleClassChangeError: Found interface org.apache.poi.util.POILogger, but class was expected
at org.apache.poi.openxml4j.opc.PackageRelationshipCollection.parseRelationshipsPart(PackageRelationshipCollection.java:304)
at org.apache.poi.openxml4j.opc.PackageRelationshipCollection.<init>(PackageRelationshipCollection.java:156)
at org.apache.poi.openxml4j.opc.PackageRelationshipCollection.<init>(PackageRelationshipCollection.java:124)
at org.apache.poi.openxml4j.opc.PackagePart.loadRelationships(PackagePart.java:559)
at org.apache.poi.openxml4j.opc.PackagePart.<init>(PackagePart.java:112)
at org.apache.poi.openxml4j.opc.PackagePart.<init>(PackagePart.java:83)
at org.apache.poi.openxml4j.opc.PackagePart.<init>(PackagePart.java:128)
at org.apache.poi.openxml4j.opc.ZipPackagePart.<init>(ZipPackagePart.java:78)
at org.apache.poi.openxml4j.opc.ZipPackage.getPartsImpl(ZipPackage.java:218)
at org.apache.poi.openxml4j.opc.OPCPackage.getParts(OPCPackage.java:662)
at org.apache.poi.openxml4j.opc.OPCPackage.open(OPCPackage.java:269)
at org.apache.poi.util.PackageHelper.open(PackageHelper.java:39)
at org.apache.poi.xssf.usermodel.XSSFWorkbook.<init>(XSSFWorkbook.java:204)
at com.automation.framework.utils.ExcelHelper.<init>(ExcelHelper.java:27)
at com.automation.framework.utils.TestDataHelper.getTestData(TestDataHelper.java:18)
at com.automation.framework.core.FrameworkScript.onInitilise(FrameworkScript.java:21)
at java.base/java.util.ArrayList.forEach(ArrayList.java:1511)
... Removed 31 stack frames]]>
    </failure>
  </testcase> <!-- @BeforeMethod onInitilise -->
  <testcase classname="com.automation.framework.core.FrameworkScript" name="@AfterMethod onCompleted" time="-1.603964942469E9">
    <skipped/>
  </testcase> <!-- @AfterMethod onCompleted -->
  <testcase classname="blazedemo.testScripts.BookAFlight" name="bookAFlight" time="0.0">
    <skipped/>
  </testcase> <!-- bookAFlight -->
</testsuite> <!-- BookAFlight -->
