<?xml version="1.0" encoding="UTF-8"?>
<!-- Generated by org.testng.reporters.JUnitXMLReporter -->
<testsuite ignored="0" hostname="DESKTOP-9UM4G0E" failures="0" tests="1" name="BookAFlight" time="0.351" errors="0" timestamp="29 Oct 2020 16:02:14 GMT">
  <testcase classname="com.automation.framework.core.FrameworkScript" name="@BeforeMethod onInitilise" time="0.296">
    <failure type="java.lang.ExceptionInInitializerError">
      <![CDATA[java.lang.ExceptionInInitializerError
	at java.base/jdk.internal.logger.LoggerFinderLoader.<clinit>(LoggerFinderLoader.java:46)
	at java.base/java.lang.System$LoggerFinder.lambda$accessProvider$0(System.java:1642)
	at java.base/java.security.AccessController.doPrivileged(AccessController.java:391)
	at java.base/java.security.AccessController.doPrivileged(AccessController.java:449)
	at java.base/java.lang.System$LoggerFinder.accessProvider(System.java:1643)
	at java.base/java.lang.System$LoggerFinder.getLoggerFinder(System.java:1631)
	at java.base/jdk.internal.logger.LazyLoggers.accessLoggerFinder(LazyLoggers.java:339)
	at java.base/jdk.internal.logger.LazyLoggers.getLoggerFromFinder(LazyLoggers.java:389)
	at java.base/jdk.internal.logger.LazyLoggers$1.apply(LazyLoggers.java:353)
	at java.base/jdk.internal.logger.LazyLoggers$1.apply(LazyLoggers.java:350)
	at java.base/jdk.internal.logger.LazyLoggers$LazyLoggerAccessor.createLogger(LazyLoggers.java:278)
	at java.base/jdk.internal.logger.BootstrapLogger.getLogger(BootstrapLogger.java:956)
	at java.base/jdk.internal.logger.LazyLoggers$LazyLoggerAccessor.platform(LazyLoggers.java:197)
	at java.base/jdk.internal.logger.LazyLoggers$LazyLoggerAccessor.release(LazyLoggers.java:232)
	at java.base/jdk.internal.logger.BootstrapLogger$RedirectedLoggers.replaceSurrogateLoggers(BootstrapLogger.java:1015)
	at java.base/jdk.internal.logger.BootstrapLogger.redirectTemporaryLoggers(BootstrapLogger.java:1060)
	at java.logging/java.util.logging.LogManager.readPrimordialConfiguration(LogManager.java:448)
	at java.logging/java.util.logging.LogManager$2.run(LogManager.java:394)
	at java.base/java.security.AccessController.doPrivileged(AccessController.java:312)
	at java.logging/java.util.logging.LogManager.ensureLogManagerInitialized(LogManager.java:382)
	at java.logging/java.util.logging.LogManager.getLogManager(LogManager.java:430)
	at java.logging/java.util.logging.Logger.demandLogger(Logger.java:648)
	at java.logging/java.util.logging.Logger.getLogger(Logger.java:717)
	at java.logging/java.util.logging.Logger.getLogger(Logger.java:701)
	at org.openqa.selenium.remote.RemoteWebDriver.<clinit>(RemoteWebDriver.java:94)
	at com.automation.framework.core.FrameworkScript.onInitilise(FrameworkScript.java:25)
Caused by: java.lang.NullPointerException: Cannot invoke "String.length()" because "input" is null
	at java.base/sun.nio.fs.WindowsPathParser.parse(WindowsPathParser.java:98)
	at java.base/sun.nio.fs.WindowsPathParser.parse(WindowsPathParser.java:77)
	at java.base/sun.nio.fs.WindowsPath.parse(WindowsPath.java:92)
	at java.base/sun.nio.fs.WindowsFileSystem.getPath(WindowsFileSystem.java:229)
	at java.base/java.io.FilePermission.<clinit>(FilePermission.java:208)
	... 53 more
... Removed 27 stack frames]]>
    </failure>
  </testcase> <!-- @BeforeMethod onInitilise -->
  <testcase classname="blazedemo.testScripts.BookAFlight" name="bookAFlight" time="0.0">
    <skipped/>
  </testcase> <!-- bookAFlight -->
</testsuite> <!-- BookAFlight -->
