<?xml version="1.0" encoding="UTF-8"?>
<testng-results ignored="0" total="1" passed="0" failed="1" skipped="0">
  <reporter-output>
  </reporter-output>
  <suite started-at="2020-10-29T15:01:18 IST" name="Default suite" finished-at="2020-10-29T15:01:18 IST" duration-ms="261">
    <groups>
    </groups>
    <test started-at="2020-10-29T15:01:18 IST" name="Default test" finished-at="2020-10-29T15:01:18 IST" duration-ms="261">
      <class name="blazedemo.testScripts.BookAFlight">
        <test-method is-config="true" signature="onInitilise(org.testng.ITestContext)[pri:0, instance:blazedemo.testScripts.BookAFlight@4f67eb2a]" started-at="2020-10-29T15:01:18 IST" name="onInitilise" finished-at="2020-10-29T15:01:18 IST" duration-ms="102" status="PASS">
          <params>
            <param index="0">
              <value>
                <![CDATA[org.testng.TestRunner@aba625]]>
              </value>
            </param>
          </params>
          <reporter-output>
          </reporter-output>
        </test-method> <!-- onInitilise -->
        <test-method signature="bookAFlight()[pri:0, instance:blazedemo.testScripts.BookAFlight@4f67eb2a]" started-at="2020-10-29T15:01:18 IST" name="bookAFlight" finished-at="2020-10-29T15:01:18 IST" duration-ms="55" status="FAIL">
          <exception class="java.lang.NullPointerException">
            <message>
              <![CDATA[Cannot invoke "org.openqa.selenium.WebDriver.findElement(org.openqa.selenium.By)" because the return value of "com.automation.framework.core.DriverHelper.getWebDriver()" is null]]>
            </message>
            <full-stacktrace>
              <![CDATA[java.lang.NullPointerException: Cannot invoke "org.openqa.selenium.WebDriver.findElement(org.openqa.selenium.By)" because the return value of "com.automation.framework.core.DriverHelper.getWebDriver()" is null
at blazedemo.screens.IndexScreenAndActions.selectSourceAndDestinationCities(IndexScreenAndActions.java:33)
at blazedemo.testScripts.BookAFlight.bookAFlight(BookAFlight.java:16)
at java.base/jdk.internal.reflect.NativeMethodAccessorImpl.invoke0(Native Method)
at java.base/jdk.internal.reflect.NativeMethodAccessorImpl.invoke(NativeMethodAccessorImpl.java:62)
at java.base/jdk.internal.reflect.DelegatingMethodAccessorImpl.invoke(DelegatingMethodAccessorImpl.java:43)
at java.base/java.lang.reflect.Method.invoke(Method.java:564)
at org.testng.internal.MethodInvocationHelper.invokeMethod(MethodInvocationHelper.java:132)
at org.testng.internal.TestInvoker.invokeMethod(TestInvoker.java:599)
at org.testng.internal.TestInvoker.invokeTestMethod(TestInvoker.java:174)
at org.testng.internal.MethodRunner.runInSequence(MethodRunner.java:46)
at org.testng.internal.TestInvoker$MethodInvocationAgent.invoke(TestInvoker.java:822)
at org.testng.internal.TestInvoker.invokeTestMethods(TestInvoker.java:147)
at org.testng.internal.TestMethodWorker.invokeTestMethods(TestMethodWorker.java:146)
at org.testng.internal.TestMethodWorker.run(TestMethodWorker.java:128)
at java.base/java.util.ArrayList.forEach(ArrayList.java:1511)
at org.testng.TestRunner.privateRun(TestRunner.java:764)
at org.testng.TestRunner.run(TestRunner.java:585)
at org.testng.SuiteRunner.runTest(SuiteRunner.java:384)
at org.testng.SuiteRunner.runSequentially(SuiteRunner.java:378)
at org.testng.SuiteRunner.privateRun(SuiteRunner.java:337)
at org.testng.SuiteRunner.run(SuiteRunner.java:286)
at org.testng.SuiteRunnerWorker.runSuite(SuiteRunnerWorker.java:53)
at org.testng.SuiteRunnerWorker.run(SuiteRunnerWorker.java:96)
at org.testng.TestNG.runSuitesSequentially(TestNG.java:1218)
at org.testng.TestNG.runSuitesLocally(TestNG.java:1140)
at org.testng.TestNG.runSuites(TestNG.java:1069)
at org.testng.TestNG.run(TestNG.java:1037)
at org.testng.remote.AbstractRemoteTestNG.run(AbstractRemoteTestNG.java:115)
at org.testng.remote.RemoteTestNG.initAndRun(RemoteTestNG.java:251)
at org.testng.remote.RemoteTestNG.main(RemoteTestNG.java:77)
]]>
            </full-stacktrace>
          </exception> <!-- java.lang.NullPointerException -->
          <reporter-output>
          </reporter-output>
        </test-method> <!-- bookAFlight -->
        <test-method is-config="true" signature="onCompleted()[pri:0, instance:blazedemo.testScripts.BookAFlight@4f67eb2a]" started-at="2020-10-29T15:01:18 IST" name="onCompleted" finished-at="2020-10-29T15:01:18 IST" duration-ms="0" status="PASS">
          <reporter-output>
          </reporter-output>
        </test-method> <!-- onCompleted -->
      </class> <!-- blazedemo.testScripts.BookAFlight -->
    </test> <!-- Default test -->
  </suite> <!-- Default suite -->
</testng-results>
